# Logfile created on 2014-08-08 21:55:28 +0200 by logger.rb/41954
I, [2014-08-08T21:55:28.553224 #4201]  INFO -- : 0:  blankslate (2.1.2.4) from /Library/Ruby/Gems/2.0.0/specifications/blankslate-2.1.2.4.gemspec
I, [2014-08-08T21:55:28.553582 #4201]  INFO -- : 0:  sass (3.2.19) from /Library/Ruby/Gems/2.0.0/specifications/sass-3.2.19.gemspec
I, [2014-08-08T21:55:28.553846 #4201]  INFO -- : 0:  thor (0.19.1) from /Library/Ruby/Gems/2.0.0/specifications/thor-0.19.1.gemspec
I, [2014-08-08T21:55:28.554109 #4201]  INFO -- : 0:  bourbon (3.2.3) from /Library/Ruby/Gems/2.0.0/specifications/bourbon-3.2.3.gemspec
I, [2014-08-08T21:55:28.554353 #4201]  INFO -- : 0:  timers (1.1.0) from /Library/Ruby/Gems/2.0.0/specifications/timers-1.1.0.gemspec
I, [2014-08-08T21:55:28.554611 #4201]  INFO -- : 0:  celluloid (0.15.2) from /Library/Ruby/Gems/2.0.0/specifications/celluloid-0.15.2.gemspec
I, [2014-08-08T21:55:28.554902 #4201]  INFO -- : 0:  fast-stemmer (1.0.2) from /Library/Ruby/Gems/2.0.0/specifications/fast-stemmer-1.0.2.gemspec
I, [2014-08-08T21:55:28.555209 #4201]  INFO -- : 0:  classifier (1.3.4) from /Library/Ruby/Gems/2.0.0/specifications/classifier-1.3.4.gemspec
I, [2014-08-08T21:55:28.555515 #4201]  INFO -- : 0:  coffee-script-source (1.7.1) from /Library/Ruby/Gems/2.0.0/specifications/coffee-script-source-1.7.1.gemspec
I, [2014-08-08T21:55:28.555834 #4201]  INFO -- : 0:  execjs (2.2.1) from /Library/Ruby/Gems/2.0.0/specifications/execjs-2.2.1.gemspec
I, [2014-08-08T21:55:28.556178 #4201]  INFO -- : 0:  coffee-script (2.3.0) from /Library/Ruby/Gems/2.0.0/specifications/coffee-script-2.3.0.gemspec
I, [2014-08-08T21:55:28.556519 #4201]  INFO -- : 0:  colorator (0.1) from /Library/Ruby/Gems/2.0.0/specifications/colorator-0.1.gemspec
I, [2014-08-08T21:55:28.556893 #4201]  INFO -- : 0:  ffi (1.9.3) from /Library/Ruby/Gems/2.0.0/specifications/ffi-1.9.3.gemspec
I, [2014-08-08T21:55:28.557266 #4201]  INFO -- : 0:  jekyll-coffeescript (1.0.0) from /Library/Ruby/Gems/2.0.0/specifications/jekyll-coffeescript-1.0.0.gemspec
I, [2014-08-08T21:55:28.557634 #4201]  INFO -- : 0:  jekyll-gist (1.1.0) from /Library/Ruby/Gems/2.0.0/specifications/jekyll-gist-1.1.0.gemspec
I, [2014-08-08T21:55:28.558022 #4201]  INFO -- : 0:  jekyll-paginate (1.0.0) from /Library/Ruby/Gems/2.0.0/specifications/jekyll-paginate-1.0.0.gemspec
I, [2014-08-08T21:55:28.558408 #4201]  INFO -- : 0:  jekyll-sass-converter (1.0.0) from /Library/Ruby/Gems/2.0.0/specifications/jekyll-sass-converter-1.0.0.gemspec
I, [2014-08-08T21:55:28.558793 #4201]  INFO -- : 0:  rb-fsevent (0.9.4) from /Library/Ruby/Gems/2.0.0/specifications/rb-fsevent-0.9.4.gemspec
I, [2014-08-08T21:55:28.559210 #4201]  INFO -- : 0:  rb-inotify (0.9.3) from /Library/Ruby/Gems/2.0.0/specifications/rb-inotify-0.9.3.gemspec
I, [2014-08-08T21:55:28.559624 #4201]  INFO -- : 0:  listen (2.7.9) from /Library/Ruby/Gems/2.0.0/specifications/listen-2.7.9.gemspec
I, [2014-08-08T21:55:28.560057 #4201]  INFO -- : 0:  jekyll-watch (1.0.0) from /Library/Ruby/Gems/2.0.0/specifications/jekyll-watch-1.0.0.gemspec
I, [2014-08-08T21:55:28.560497 #4201]  INFO -- : 0:  kramdown (1.3.1) from /Library/Ruby/Gems/2.0.0/specifications/kramdown-1.3.1.gemspec
I, [2014-08-08T21:55:28.560943 #4201]  INFO -- : 0:  liquid (2.6.1) from /Library/Ruby/Gems/2.0.0/specifications/liquid-2.6.1.gemspec
I, [2014-08-08T21:55:28.561374 #4201]  INFO -- : 0:  mercenary (0.3.4) from /Library/Ruby/Gems/2.0.0/specifications/mercenary-0.3.4.gemspec
I, [2014-08-08T21:55:28.561810 #4201]  INFO -- : 0:  posix-spawn (0.3.8) from /Library/Ruby/Gems/2.0.0/specifications/posix-spawn-0.3.8.gemspec
I, [2014-08-08T21:55:28.562246 #4201]  INFO -- : 0:  yajl-ruby (1.1.0) from /Library/Ruby/Gems/2.0.0/specifications/yajl-ruby-1.1.0.gemspec
I, [2014-08-08T21:55:28.562688 #4201]  INFO -- : 0:  pygments.rb (0.6.0) from /Library/Ruby/Gems/2.0.0/specifications/pygments.rb-0.6.0.gemspec
I, [2014-08-08T21:55:28.563127 #4201]  INFO -- : 0:  redcarpet (3.1.2) from /Library/Ruby/Gems/2.0.0/specifications/redcarpet-3.1.2.gemspec
I, [2014-08-08T21:55:28.563610 #4201]  INFO -- : 0:  safe_yaml (1.0.3) from /Library/Ruby/Gems/2.0.0/specifications/safe_yaml-1.0.3.gemspec
I, [2014-08-08T21:55:28.564034 #4201]  INFO -- : 0:  parslet (1.5.0) from /Library/Ruby/Gems/2.0.0/specifications/parslet-1.5.0.gemspec
I, [2014-08-08T21:55:28.564294 #4201]  INFO -- : 0:  toml (0.1.0) from /Library/Ruby/Gems/2.0.0/specifications/toml-0.1.0.gemspec
I, [2014-08-08T21:55:28.564585 #4201]  INFO -- : 0:  jekyll (2.1.1) from /Library/Ruby/Gems/2.0.0/specifications/jekyll-2.1.1.gemspec
I, [2014-08-08T21:55:28.564822 #4201]  INFO -- : 0:  bundler (1.5.1) from /Library/Ruby/Gems/2.0.0/specifications/bundler-1.5.1.gemspec
I, [2014-08-08T22:03:02.384934 #4257]  INFO -- : 0:  RedCloth (4.2.9) from /Library/Ruby/Gems/2.0.0/specifications/RedCloth-4.2.9.gemspec
I, [2014-08-08T22:03:02.385357 #4257]  INFO -- : 0:  blankslate (2.1.2.4) from /Library/Ruby/Gems/2.0.0/specifications/blankslate-2.1.2.4.gemspec
I, [2014-08-08T22:03:02.385777 #4257]  INFO -- : 0:  fast-stemmer (1.0.2) from /Library/Ruby/Gems/2.0.0/specifications/fast-stemmer-1.0.2.gemspec
I, [2014-08-08T22:03:02.386175 #4257]  INFO -- : 0:  classifier (1.3.4) from /Library/Ruby/Gems/2.0.0/specifications/classifier-1.3.4.gemspec
I, [2014-08-08T22:03:02.386553 #4257]  INFO -- : 0:  colorator (0.1) from /Library/Ruby/Gems/2.0.0/specifications/colorator-0.1.gemspec
I, [2014-08-08T22:03:02.386869 #4257]  INFO -- : 0:  highline (1.6.20) from /Library/Ruby/Gems/2.0.0/specifications/highline-1.6.20.gemspec
I, [2014-08-08T22:03:02.387144 #4257]  INFO -- : 0:  commander (4.1.5) from /Library/Ruby/Gems/2.0.0/specifications/commander-4.1.5.gemspec
I, [2014-08-08T22:03:02.387517 #4257]  INFO -- : 0:  ffi (1.9.3) from /Library/Ruby/Gems/2.0.0/specifications/ffi-1.9.3.gemspec
I, [2014-08-08T22:03:02.387800 #4257]  INFO -- : 0:  liquid (2.5.5) from /Library/Ruby/Gems/2.0.0/specifications/liquid-2.5.5.gemspec
I, [2014-08-08T22:03:02.388068 #4257]  INFO -- : 0:  rb-fsevent (0.9.4) from /Library/Ruby/Gems/2.0.0/specifications/rb-fsevent-0.9.4.gemspec
I, [2014-08-08T22:03:02.388327 #4257]  INFO -- : 0:  rb-inotify (0.9.3) from /Library/Ruby/Gems/2.0.0/specifications/rb-inotify-0.9.3.gemspec
I, [2014-08-08T22:03:02.388597 #4257]  INFO -- : 0:  rb-kqueue (0.2.0) from /Library/Ruby/Gems/2.0.0/specifications/rb-kqueue-0.2.0.gemspec
I, [2014-08-08T22:03:02.388862 #4257]  INFO -- : 0:  listen (1.3.1) from /Library/Ruby/Gems/2.0.0/specifications/listen-1.3.1.gemspec
I, [2014-08-08T22:03:02.389136 #4257]  INFO -- : 0:  maruku (0.7.0) from /Library/Ruby/Gems/2.0.0/specifications/maruku-0.7.0.gemspec
I, [2014-08-08T22:03:02.389395 #4257]  INFO -- : 0:  posix-spawn (0.3.8) from /Library/Ruby/Gems/2.0.0/specifications/posix-spawn-0.3.8.gemspec
I, [2014-08-08T22:03:02.389693 #4257]  INFO -- : 0:  yajl-ruby (1.1.0) from /Library/Ruby/Gems/2.0.0/specifications/yajl-ruby-1.1.0.gemspec
I, [2014-08-08T22:03:02.389999 #4257]  INFO -- : 0:  pygments.rb (0.5.4) from /Library/Ruby/Gems/2.0.0/specifications/pygments.rb-0.5.4.gemspec
I, [2014-08-08T22:03:02.390317 #4257]  INFO -- : 0:  redcarpet (2.3.0) from /Library/Ruby/Gems/2.0.0/specifications/redcarpet-2.3.0.gemspec
I, [2014-08-08T22:03:02.390654 #4257]  INFO -- : 0:  safe_yaml (0.9.7) from /Library/Ruby/Gems/2.0.0/specifications/safe_yaml-0.9.7.gemspec
I, [2014-08-08T22:03:02.391003 #4257]  INFO -- : 0:  parslet (1.5.0) from /Library/Ruby/Gems/2.0.0/specifications/parslet-1.5.0.gemspec
I, [2014-08-08T22:03:02.391354 #4257]  INFO -- : 0:  toml (0.1.0) from /Library/Ruby/Gems/2.0.0/specifications/toml-0.1.0.gemspec
I, [2014-08-08T22:03:02.391748 #4257]  INFO -- : 0:  jekyll (1.4.3) from /Library/Ruby/Gems/2.0.0/specifications/jekyll-1.4.3.gemspec
I, [2014-08-08T22:03:02.392162 #4257]  INFO -- : 0:  kramdown (1.3.1) from /Library/Ruby/Gems/2.0.0/specifications/kramdown-1.3.1.gemspec
I, [2014-08-08T22:03:02.392563 #4257]  INFO -- : 0:  rdiscount (2.1.7) from /Library/Ruby/Gems/2.0.0/specifications/rdiscount-2.1.7.gemspec
I, [2014-08-08T22:03:02.393029 #4257]  INFO -- : 0:  github-pages (14) from /Library/Ruby/Gems/2.0.0/specifications/github-pages-14.gemspec
I, [2014-08-08T22:03:02.393427 #4257]  INFO -- : 0:  bundler (1.5.1) from /Library/Ruby/Gems/2.0.0/specifications/bundler-1.5.1.gemspec
I, [2014-08-08T22:03:24.490080 #4262]  INFO -- : 0:  RedCloth (4.2.9) from /Library/Ruby/Gems/2.0.0/specifications/RedCloth-4.2.9.gemspec
I, [2014-08-08T22:03:24.490429 #4262]  INFO -- : 0:  blankslate (2.1.2.4) from /Library/Ruby/Gems/2.0.0/specifications/blankslate-2.1.2.4.gemspec
I, [2014-08-08T22:03:24.490742 #4262]  INFO -- : 0:  fast-stemmer (1.0.2) from /Library/Ruby/Gems/2.0.0/specifications/fast-stemmer-1.0.2.gemspec
I, [2014-08-08T22:03:24.491012 #4262]  INFO -- : 0:  classifier (1.3.4) from /Library/Ruby/Gems/2.0.0/specifications/classifier-1.3.4.gemspec
I, [2014-08-08T22:03:24.491283 #4262]  INFO -- : 0:  colorator (0.1) from /Library/Ruby/Gems/2.0.0/specifications/colorator-0.1.gemspec
I, [2014-08-08T22:03:24.491557 #4262]  INFO -- : 0:  highline (1.6.20) from /Library/Ruby/Gems/2.0.0/specifications/highline-1.6.20.gemspec
I, [2014-08-08T22:03:24.491837 #4262]  INFO -- : 0:  commander (4.1.5) from /Library/Ruby/Gems/2.0.0/specifications/commander-4.1.5.gemspec
I, [2014-08-08T22:03:24.492144 #4262]  INFO -- : 0:  ffi (1.9.3) from /Library/Ruby/Gems/2.0.0/specifications/ffi-1.9.3.gemspec
I, [2014-08-08T22:03:24.492460 #4262]  INFO -- : 0:  liquid (2.5.5) from /Library/Ruby/Gems/2.0.0/specifications/liquid-2.5.5.gemspec
I, [2014-08-08T22:03:24.492759 #4262]  INFO -- : 0:  rb-fsevent (0.9.4) from /Library/Ruby/Gems/2.0.0/specifications/rb-fsevent-0.9.4.gemspec
I, [2014-08-08T22:03:24.493072 #4262]  INFO -- : 0:  rb-inotify (0.9.3) from /Library/Ruby/Gems/2.0.0/specifications/rb-inotify-0.9.3.gemspec
I, [2014-08-08T22:03:24.493380 #4262]  INFO -- : 0:  rb-kqueue (0.2.0) from /Library/Ruby/Gems/2.0.0/specifications/rb-kqueue-0.2.0.gemspec
I, [2014-08-08T22:03:24.493698 #4262]  INFO -- : 0:  listen (1.3.1) from /Library/Ruby/Gems/2.0.0/specifications/listen-1.3.1.gemspec
I, [2014-08-08T22:03:24.494026 #4262]  INFO -- : 0:  maruku (0.7.0) from /Library/Ruby/Gems/2.0.0/specifications/maruku-0.7.0.gemspec
I, [2014-08-08T22:03:24.494414 #4262]  INFO -- : 0:  posix-spawn (0.3.8) from /Library/Ruby/Gems/2.0.0/specifications/posix-spawn-0.3.8.gemspec
I, [2014-08-08T22:03:24.494789 #4262]  INFO -- : 0:  yajl-ruby (1.1.0) from /Library/Ruby/Gems/2.0.0/specifications/yajl-ruby-1.1.0.gemspec
I, [2014-08-08T22:03:24.495207 #4262]  INFO -- : 0:  pygments.rb (0.5.4) from /Library/Ruby/Gems/2.0.0/specifications/pygments.rb-0.5.4.gemspec
I, [2014-08-08T22:03:24.495629 #4262]  INFO -- : 0:  redcarpet (2.3.0) from /Library/Ruby/Gems/2.0.0/specifications/redcarpet-2.3.0.gemspec
I, [2014-08-08T22:03:24.496055 #4262]  INFO -- : 0:  safe_yaml (0.9.7) from /Library/Ruby/Gems/2.0.0/specifications/safe_yaml-0.9.7.gemspec
I, [2014-08-08T22:03:24.496558 #4262]  INFO -- : 0:  parslet (1.5.0) from /Library/Ruby/Gems/2.0.0/specifications/parslet-1.5.0.gemspec
I, [2014-08-08T22:03:24.497097 #4262]  INFO -- : 0:  toml (0.1.0) from /Library/Ruby/Gems/2.0.0/specifications/toml-0.1.0.gemspec
I, [2014-08-08T22:03:24.497573 #4262]  INFO -- : 0:  jekyll (1.4.3) from /Library/Ruby/Gems/2.0.0/specifications/jekyll-1.4.3.gemspec
I, [2014-08-08T22:03:24.497957 #4262]  INFO -- : 0:  kramdown (1.3.1) from /Library/Ruby/Gems/2.0.0/specifications/kramdown-1.3.1.gemspec
I, [2014-08-08T22:03:24.498384 #4262]  INFO -- : 0:  rdiscount (2.1.7) from /Library/Ruby/Gems/2.0.0/specifications/rdiscount-2.1.7.gemspec
I, [2014-08-08T22:03:24.498770 #4262]  INFO -- : 0:  github-pages (14) from /Library/Ruby/Gems/2.0.0/specifications/github-pages-14.gemspec
I, [2014-08-08T22:03:24.499177 #4262]  INFO -- : 0:  bundler (1.5.1) from /Library/Ruby/Gems/2.0.0/specifications/bundler-1.5.1.gemspec
